In file included from [01m[K/home/guilleaq/ros2/nav2_ws/src/start_robocup/src/navigation/br2_bt_patrolling/Move.cpp:20[m[K:
[01m[K/home/guilleaq/ros2/nav2_ws/src/start_robocup/include/navigation/br2_bt_patrolling/Move.hpp:23:10:[m[K [01;31m[Kfatal error: [m[Kbr2_bt_patrolling/ctrl_support/BTActionNode.hpp: No such file or directory
   23 | #include [01;31m[K"br2_bt_patrolling/ctrl_support/BTActionNode.hpp"[m[K
      |          [01;31m[K^~~~~~~~~~~~~~~~~~~~~~~~~~~~~~~~~~~~~~~~~~~~~~~~~[m[K
compilation terminated.
gmake[2]: *** [CMakeFiles/br2_move_bt_node.dir/build.make:76: CMakeFiles/br2_move_bt_node.dir/src/navigation/br2_bt_patrolling/Move.cpp.o] Error 1
gmake[1]: *** [CMakeFiles/Makefile2:141: CMakeFiles/br2_move_bt_node.dir/all] Error 2
gmake[1]: *** Waiting for unfinished jobs....
gmake: *** [Makefile:146: all] Error 2
