-- Found ament_cmake: 1.3.3 (/opt/ros/humble/share/ament_cmake/cmake)
-- Override CMake install command with custom implementation using symlinks instead of copying resources
-- Found rclcpp: 16.0.3 (/opt/ros/humble/share/rclcpp/cmake)
-- Found rosidl_generator_c: 3.1.4 (/opt/ros/humble/share/rosidl_generator_c/cmake)
-- Found rosidl_adapter: 3.1.4 (/opt/ros/humble/share/rosidl_adapter/cmake)
-- Found rosidl_generator_cpp: 3.1.4 (/opt/ros/humble/share/rosidl_generator_cpp/cmake)
-- Using all available rosidl_typesupport_c: rosidl_typesupport_fastrtps_c;rosidl_typesupport_introspection_c
-- Using all available rosidl_typesupport_cpp: rosidl_typesupport_fastrtps_cpp;rosidl_typesupport_introspection_cpp
-- Found rmw_implementation_cmake: 6.1.1 (/opt/ros/humble/share/rmw_implementation_cmake/cmake)
-- Found rmw_fastrtps_cpp: 6.2.2 (/opt/ros/humble/share/rmw_fastrtps_cpp/cmake)
-- Using RMW implementation 'rmw_fastrtps_cpp' as default
-- Found rclcpp_lifecycle: 16.0.3 (/opt/ros/humble/share/rclcpp_lifecycle/cmake)
-- Found rclcpp_action: 16.0.3 (/opt/ros/humble/share/rclcpp_action/cmake)
-- Found geometry_msgs: 4.2.3 (/opt/ros/humble/share/geometry_msgs/cmake)
-- Found nav2_msgs: 1.1.6 (/opt/ros/humble/share/nav2_msgs/cmake)
-- ZeroMQ found.
-- Found ament_lint_auto: 0.12.5 (/opt/ros/humble/share/ament_lint_auto/cmake)
-- Found ament_cmake_gtest: 1.3.3 (/opt/ros/humble/share/ament_cmake_gtest/cmake)
-- Added test 'copyright' to check source files copyright and LICENSE
-- Added test 'cppcheck' to perform static code analysis on C / C++ code
-- Configured cppcheck include dirs: /home/guilleaq/ros2/nav2_ws/src/start_robocup/include
-- Configured cppcheck exclude dirs and/or files: 
-- Added test 'cpplint' to check C / C++ code against the Google style
-- Configured cpplint exclude dirs and/or files: 
-- Added test 'flake8' to check Python code syntax and style conventions
-- Added test 'lint_cmake' to check CMake code style
-- Added test 'pep257' to check Python code against some of the docstring style conventions in PEP 257
-- Added test 'uncrustify' to check C / C++ code style
-- Configured uncrustify additional arguments: 
-- Added test 'xmllint' to check XML markup files
-- Configuring done
-- Generating done
-- Build files have been written to: /home/guilleaq/ros2/nav2_ws/src/start_robocup/build/start_robocup
[ 50%] [32mBuilding CXX object CMakeFiles/br2_get_waypoint_bt_node.dir/src/navigation/br2_bt_patrolling/GetWaypoint.cpp.o[0m
[ 50%] [32mBuilding CXX object CMakeFiles/patrolling_main.dir/src/navigation/patrolling_main.cpp.o[0m
[ 50%] [32mBuilding CXX object CMakeFiles/br2_move_bt_node.dir/src/navigation/br2_bt_patrolling/Move.cpp.o[0m
In file included from [01m[K/home/guilleaq/ros2/nav2_ws/src/start_robocup/src/navigation/br2_bt_patrolling/Move.cpp:20[m[K:
[01m[K/home/guilleaq/ros2/nav2_ws/src/start_robocup/include/navigation/br2_bt_patrolling/Move.hpp:23:10:[m[K [01;31m[Kfatal error: [m[Kbr2_bt_patrolling/ctrl_support/BTActionNode.hpp: No such file or directory
   23 | #include [01;31m[K"br2_bt_patrolling/ctrl_support/BTActionNode.hpp"[m[K
      |          [01;31m[K^~~~~~~~~~~~~~~~~~~~~~~~~~~~~~~~~~~~~~~~~~~~~~~~~[m[K
compilation terminated.
gmake[2]: *** [CMakeFiles/br2_move_bt_node.dir/build.make:76: CMakeFiles/br2_move_bt_node.dir/src/navigation/br2_bt_patrolling/Move.cpp.o] Error 1
gmake[1]: *** [CMakeFiles/Makefile2:141: CMakeFiles/br2_move_bt_node.dir/all] Error 2
gmake[1]: *** Waiting for unfinished jobs....
[ 66%] [32m[1mLinking CXX executable patrolling_main[0m
[ 83%] [32m[1mLinking CXX shared library libbr2_get_waypoint_bt_node.so[0m
[ 83%] Built target br2_get_waypoint_bt_node
[ 83%] Built target patrolling_main
gmake: *** [Makefile:146: all] Error 2
