[0.021s] Invoking command in '/home/guilleaq/ros2/nav2_ws/src/start_robocup/build/start_robocup': CMAKE_PREFIX_PATH=${CMAKE_PREFIX_PATH}:/home/guilleaq/ros2/nav2_ws/install/br2_fsm_bumpgo_py:/home/guilleaq/Desktop/CARRERA/Segundo/2CUATRI/ArqSoftwareRobots/ros2/bookros2_ws/install/launch_pal:/home/guilleaq/Desktop/CARRERA/Segundo/2CUATRI/ArqSoftwareRobots/ros2/bookros2_ws/install/br2_fsm_bumpgo_py:/opt/ros/humble /usr/bin/cmake /home/guilleaq/ros2/nav2_ws/src/start_robocup -DAMENT_CMAKE_SYMLINK_INSTALL=1 -DCMAKE_INSTALL_PREFIX=/home/guilleaq/ros2/nav2_ws/src/start_robocup/install/start_robocup
[0.035s] -- Found ament_cmake: 1.3.3 (/opt/ros/humble/share/ament_cmake/cmake)
[0.177s] -- Override CMake install command with custom implementation using symlinks instead of copying resources
[0.184s] -- Found rclcpp: 16.0.3 (/opt/ros/humble/share/rclcpp/cmake)
[0.214s] -- Found rosidl_generator_c: 3.1.4 (/opt/ros/humble/share/rosidl_generator_c/cmake)
[0.216s] -- Found rosidl_adapter: 3.1.4 (/opt/ros/humble/share/rosidl_adapter/cmake)
[0.222s] -- Found rosidl_generator_cpp: 3.1.4 (/opt/ros/humble/share/rosidl_generator_cpp/cmake)
[0.239s] -- Using all available rosidl_typesupport_c: rosidl_typesupport_fastrtps_c;rosidl_typesupport_introspection_c
[0.259s] -- Using all available rosidl_typesupport_cpp: rosidl_typesupport_fastrtps_cpp;rosidl_typesupport_introspection_cpp
[0.321s] -- Found rmw_implementation_cmake: 6.1.1 (/opt/ros/humble/share/rmw_implementation_cmake/cmake)
[0.328s] -- Found rmw_fastrtps_cpp: 6.2.2 (/opt/ros/humble/share/rmw_fastrtps_cpp/cmake)
[0.483s] -- Using RMW implementation 'rmw_fastrtps_cpp' as default
[0.643s] -- Found rclcpp_lifecycle: 16.0.3 (/opt/ros/humble/share/rclcpp_lifecycle/cmake)
[0.680s] -- Found rclcpp_action: 16.0.3 (/opt/ros/humble/share/rclcpp_action/cmake)
[0.772s] -- Found geometry_msgs: 4.2.3 (/opt/ros/humble/share/geometry_msgs/cmake)
[0.815s] -- Found nav2_msgs: 1.1.6 (/opt/ros/humble/share/nav2_msgs/cmake)
[1.117s] -- ZeroMQ found.
[1.238s] -- Found ament_lint_auto: 0.12.5 (/opt/ros/humble/share/ament_lint_auto/cmake)
[1.306s] -- Found ament_cmake_gtest: 1.3.3 (/opt/ros/humble/share/ament_cmake_gtest/cmake)
[1.310s] -- Added test 'copyright' to check source files copyright and LICENSE
[1.318s] -- Added test 'cppcheck' to perform static code analysis on C / C++ code
[1.318s] -- Configured cppcheck include dirs: /home/guilleaq/ros2/nav2_ws/src/start_robocup/include
[1.318s] -- Configured cppcheck exclude dirs and/or files: 
[1.326s] -- Added test 'cpplint' to check C / C++ code against the Google style
[1.326s] -- Configured cpplint exclude dirs and/or files: 
[1.327s] -- Added test 'flake8' to check Python code syntax and style conventions
[1.329s] -- Added test 'lint_cmake' to check CMake code style
[1.330s] -- Added test 'pep257' to check Python code against some of the docstring style conventions in PEP 257
[1.338s] -- Added test 'uncrustify' to check C / C++ code style
[1.338s] -- Configured uncrustify additional arguments: 
[1.339s] -- Added test 'xmllint' to check XML markup files
[1.341s] -- Configuring done
[1.358s] -- Generating done
[1.360s] -- Build files have been written to: /home/guilleaq/ros2/nav2_ws/src/start_robocup/build/start_robocup
[1.367s] Invoked command in '/home/guilleaq/ros2/nav2_ws/src/start_robocup/build/start_robocup' returned '0': CMAKE_PREFIX_PATH=${CMAKE_PREFIX_PATH}:/home/guilleaq/ros2/nav2_ws/install/br2_fsm_bumpgo_py:/home/guilleaq/Desktop/CARRERA/Segundo/2CUATRI/ArqSoftwareRobots/ros2/bookros2_ws/install/launch_pal:/home/guilleaq/Desktop/CARRERA/Segundo/2CUATRI/ArqSoftwareRobots/ros2/bookros2_ws/install/br2_fsm_bumpgo_py:/opt/ros/humble /usr/bin/cmake /home/guilleaq/ros2/nav2_ws/src/start_robocup -DAMENT_CMAKE_SYMLINK_INSTALL=1 -DCMAKE_INSTALL_PREFIX=/home/guilleaq/ros2/nav2_ws/src/start_robocup/install/start_robocup
[1.368s] Invoking command in '/home/guilleaq/ros2/nav2_ws/src/start_robocup/build/start_robocup': CMAKE_PREFIX_PATH=${CMAKE_PREFIX_PATH}:/home/guilleaq/ros2/nav2_ws/install/br2_fsm_bumpgo_py:/home/guilleaq/Desktop/CARRERA/Segundo/2CUATRI/ArqSoftwareRobots/ros2/bookros2_ws/install/launch_pal:/home/guilleaq/Desktop/CARRERA/Segundo/2CUATRI/ArqSoftwareRobots/ros2/bookros2_ws/install/br2_fsm_bumpgo_py:/opt/ros/humble /usr/bin/cmake --build /home/guilleaq/ros2/nav2_ws/src/start_robocup/build/start_robocup -- -j12 -l12
[1.428s] [ 50%] [32mBuilding CXX object CMakeFiles/br2_get_waypoint_bt_node.dir/src/navigation/br2_bt_patrolling/GetWaypoint.cpp.o[0m
[1.428s] [ 50%] [32mBuilding CXX object CMakeFiles/patrolling_main.dir/src/navigation/patrolling_main.cpp.o[0m
[1.428s] [ 50%] [32mBuilding CXX object CMakeFiles/br2_move_bt_node.dir/src/navigation/br2_bt_patrolling/Move.cpp.o[0m
[1.579s] In file included from [01m[K/home/guilleaq/ros2/nav2_ws/src/start_robocup/src/navigation/br2_bt_patrolling/Move.cpp:20[m[K:
[1.579s] [01m[K/home/guilleaq/ros2/nav2_ws/src/start_robocup/include/navigation/br2_bt_patrolling/Move.hpp:23:10:[m[K [01;31m[Kfatal error: [m[Kbr2_bt_patrolling/ctrl_support/BTActionNode.hpp: No such file or directory
[1.579s]    23 | #include [01;31m[K"br2_bt_patrolling/ctrl_support/BTActionNode.hpp"[m[K
[1.579s]       |          [01;31m[K^~~~~~~~~~~~~~~~~~~~~~~~~~~~~~~~~~~~~~~~~~~~~~~~~[m[K
[1.579s] compilation terminated.
[1.580s] gmake[2]: *** [CMakeFiles/br2_move_bt_node.dir/build.make:76: CMakeFiles/br2_move_bt_node.dir/src/navigation/br2_bt_patrolling/Move.cpp.o] Error 1
[1.580s] gmake[1]: *** [CMakeFiles/Makefile2:141: CMakeFiles/br2_move_bt_node.dir/all] Error 2
[1.580s] gmake[1]: *** Waiting for unfinished jobs....
[5.732s] [ 66%] [32m[1mLinking CXX executable patrolling_main[0m
[5.777s] [ 83%] [32m[1mLinking CXX shared library libbr2_get_waypoint_bt_node.so[0m
[5.920s] [ 83%] Built target br2_get_waypoint_bt_node
[5.933s] [ 83%] Built target patrolling_main
[5.934s] gmake: *** [Makefile:146: all] Error 2
[5.936s] Invoked command in '/home/guilleaq/ros2/nav2_ws/src/start_robocup/build/start_robocup' returned '2': CMAKE_PREFIX_PATH=${CMAKE_PREFIX_PATH}:/home/guilleaq/ros2/nav2_ws/install/br2_fsm_bumpgo_py:/home/guilleaq/Desktop/CARRERA/Segundo/2CUATRI/ArqSoftwareRobots/ros2/bookros2_ws/install/launch_pal:/home/guilleaq/Desktop/CARRERA/Segundo/2CUATRI/ArqSoftwareRobots/ros2/bookros2_ws/install/br2_fsm_bumpgo_py:/opt/ros/humble /usr/bin/cmake --build /home/guilleaq/ros2/nav2_ws/src/start_robocup/build/start_robocup -- -j12 -l12
